This is pdfTeX, Version 3.141592653-2.6-1.40.29 (TeX Live 2026) (preloaded format=pdflatex 2026.3.22)  3 JUN 2026 14:07
entering extended mode
 restricted \write18 enabled.
 file:line:error style messages enabled.
 %&-line parsing enabled.
**continuityEquations.tex
(./continuityEquations.tex
LaTeX2e <2025-11-01>
L3 programming layer <2026-01-19>
./continuityEquations.tex:1: Undefined control sequence.
l.1 \section
            {Desarrollo de un modelo 1D a partir de las ecuaciones de contin...

? 
./continuityEquations.tex:1: Emergency stop.
l.1 
    
End of file on the terminal!

 
Here is how much of TeX's memory you used:
 14 strings out of 467525
 392 string characters out of 5418982
 433756 words of memory out of 5000000
 29024 multiletter control sequences out of 15000+600000
 627721 words of font info for 40 fonts, out of 8000000 for 9000
 1141 hyphenation exceptions out of 8191
 12i,0n,13p,133b,8s stack positions out of 10000i,1000n,20000p,200000b,200000s
./continuityEquations.tex:1:  ==> Fatal error occurred, no output PDF file prod
uced!
